#
# There is insufficient memory for the Java Runtime Environment to continue.
# Native memory allocation (mmap) failed to map 134217728 bytes for G1 virtual space
# Possible reasons:
#   The system is out of physical RAM or swap space
#   The process is running with CompressedOops enabled, and the Java Heap may be blocking the growth of the native heap
# Possible solutions:
#   Reduce memory load on the system
#   Increase physical memory or swap space
#   Check if swap backing store is full
#   Decrease Java heap size (-Xmx/-Xms)
#   Decrease number of Java threads
#   Decrease Java thread stack sizes (-Xss)
#   Set larger code cache with -XX:ReservedCodeCacheSize=
#   JVM is running with Unscaled Compressed Oops mode in which the Java heap is
#     placed in the first 4GB address space. The Java Heap base address is the
#     maximum limit for the native heap growth. Please use -XX:HeapBaseMinAddress
#     to set the Java Heap base and to place the Java Heap above 4GB virtual address.
# This output file may be truncated or incomplete.
#
#  Out of Memory Error (os_windows.cpp:3550), pid=10580, tid=8460
#
# JRE version:  (17.0.7+8) (build )
# Java VM: Java HotSpot(TM) 64-Bit Server VM (17.0.7+8-LTS-224, mixed mode, sharing, tiered, compressed oops, compressed class ptrs, g1 gc, windows-amd64)
# No core dump will be written. Minidumps are not enabled by default on client versions of Windows
#

---------------  S U M M A R Y ------------

Command Line: -ea -Didea.test.cyclic.buffer.size=1048576 -javaagent:C:\Program Files\JetBrains\IntelliJ IDEA Community Edition 2023.1.4\lib\idea_rt.jar=62069:C:\Program Files\JetBrains\IntelliJ IDEA Community Edition 2023.1.4\bin -Dfile.encoding=UTF-8 com.intellij.rt.testng.RemoteTestNGStarter -usedefaultlisteners false -socket62068 @w@C:\Users\pc\AppData\Local\Temp\idea_working_dirs_testng.tmp -temp C:\Users\pc\AppData\Local\Temp\idea_testng.tmp

Host: Intel(R) Core(TM) i7-5600U CPU @ 2.60GHz, 4 cores, 7G,  Windows 10 , 64 bit Build 19041 (10.0.19041.3393)
Time: Sat Sep 23 19:59:54 2023 Turkey Standard Time elapsed time: 0.020521 seconds (0d 0h 0m 0s)

---------------  T H R E A D  ---------------

Current thread (0x0000020c4bf50540):  JavaThread "Unknown thread" [_thread_in_vm, id=8460, stack(0x0000006062300000,0x0000006062400000)]

Stack: [0x0000006062300000,0x0000006062400000]
Native frames: (J=compiled Java code, j=interpreted, Vv=VM code, C=native code)
V  [jvm.dll+0x676a4a]
V  [jvm.dll+0x7d74f4]
V  [jvm.dll+0x7d8c9e]
V  [jvm.dll+0x7d9303]
V  [jvm.dll+0x2452c5]
V  [jvm.dll+0x6738f9]
V  [jvm.dll+0x668232]
V  [jvm.dll+0x302826]
V  [jvm.dll+0x309da6]
V  [jvm.dll+0x35952e]
V  [jvm.dll+0x35975f]
V  [jvm.dll+0x2d9a38]
V  [jvm.dll+0x2da9a4]
V  [jvm.dll+0x7a8fb1]
V  [jvm.dll+0x3670e1]
V  [jvm.dll+0x788359]
V  [jvm.dll+0x3ea5ef]
V  [jvm.dll+0x3ec071]
C  [jli.dll+0x5297]
C  [ucrtbase.dll+0x21bb2]
C  [KERNEL32.DLL+0x17344]
C  [ntdll.dll+0x526b1]


---------------  P R O C E S S  ---------------

Threads class SMR info:
_java_thread_list=0x00007ffe4e924998, length=0, elements={
}

Java Threads: ( => current thread )

Other Threads:
  0x0000020c4bfa8e00 GCTaskThread "GC Thread#0" [stack: 0x0000006062400000,0x0000006062500000] [id=5144]
  0x0000020c4bfb9980 ConcurrentGCThread "G1 Main Marker" [stack: 0x0000006062500000,0x0000006062600000] [id=868]
  0x0000020c4bfbb7a0 ConcurrentGCThread "G1 Conc#0" [stack: 0x0000006062600000,0x0000006062700000] [id=6344]

[error occurred during error reporting (printing all threads), id 0xc0000005, EXCEPTION_ACCESS_VIOLATION (0xc0000005) at pc=0x00007ffe4e15a697]

VM state: not at safepoint (not fully initialized)

VM Mutex/Monitor currently owned by a thread:  ([mutex/lock_event])
[0x0000020c4bf4c780] Heap_lock - owner thread: 0x0000020c4bf50540

Heap address: 0x0000000081e00000, size: 2018 MB, Compressed Oops mode: 32-bit

CDS archive(s) mapped at: [0x0000000000000000-0x0000000000000000-0x0000000000000000), size 0, SharedBaseAddress: 0x0000000800000000, ArchiveRelocationMode: 0.
Narrow klass base: 0x0000000000000000, Narrow klass shift: 0, Narrow klass range: 0x0

GC Precious Log:
<Empty>

Heap:
 garbage-first heap   total 0K, used 0K [0x0000000081e00000, 0x0000000100000000)
  region size 1024K, 0 young (0K), 0 survivors (0K)

[error occurred during error reporting (printing heap information), id 0xc0000005, EXCEPTION_ACCESS_VIOLATION (0xc0000005) at pc=0x00007ffe4e5400b9]

GC Heap History (0 events):
No events

Deoptimization events (0 events):
No events

Classes unloaded (0 events):
No events

Classes redefined (0 events):
No events

Internal exceptions (0 events):
No events

VM Operations (0 events):
No events

Events (1 events):
Event: 0.014 Loaded shared library C:\Program Files\Java\jdk-17.0.7\bin\java.dll


Dynamic libraries:
0x00007ff65dce0000 - 0x00007ff65dcf0000 	C:\Program Files\Java\jdk-17.0.7\bin\java.exe
0x00007ffe6ba70000 - 0x00007ffe6bc68000 	C:\Windows\SYSTEM32\ntdll.dll
0x00007ffe6aaf0000 - 0x00007ffe6abad000 	C:\Windows\System32\KERNEL32.DLL
0x00007ffe693a0000 - 0x00007ffe69696000 	C:\Windows\System32\KERNELBASE.dll
0x00007ffe697f0000 - 0x00007ffe698f0000 	C:\Windows\System32\ucrtbase.dll
0x00007ffe4eaf0000 - 0x00007ffe4eb0b000 	C:\Program Files\Java\jdk-17.0.7\bin\VCRUNTIME140.dll
0x00007ffe4eb10000 - 0x00007ffe4eb29000 	C:\Program Files\Java\jdk-17.0.7\bin\jli.dll
0x00007ffe6a250000 - 0x00007ffe6a2fe000 	C:\Windows\System32\ADVAPI32.dll
0x00007ffe6b8a0000 - 0x00007ffe6b93e000 	C:\Windows\System32\msvcrt.dll
0x00007ffe69ad0000 - 0x00007ffe69b6c000 	C:\Windows\System32\sechost.dll
0x00007ffe69fe0000 - 0x00007ffe6a106000 	C:\Windows\System32\RPCRT4.dll
0x00007ffe6a7d0000 - 0x00007ffe6a96e000 	C:\Windows\System32\USER32.dll
0x00007ffe692b0000 - 0x00007ffe692d2000 	C:\Windows\System32\win32u.dll
0x00007ffe6b300000 - 0x00007ffe6b32c000 	C:\Windows\System32\GDI32.dll
0x00007ffe69920000 - 0x00007ffe69a3a000 	C:\Windows\System32\gdi32full.dll
0x00007ffe69750000 - 0x00007ffe697ed000 	C:\Windows\System32\msvcp_win.dll
0x00007ffe5abe0000 - 0x00007ffe5ae7a000 	C:\Windows\WinSxS\amd64_microsoft.windows.common-controls_6595b64144ccf1df_6.0.19041.1110_none_60b5254171f9507e\COMCTL32.dll
0x00007ffe61210000 - 0x00007ffe6121a000 	C:\Windows\SYSTEM32\VERSION.dll
0x00007ffe6b4b0000 - 0x00007ffe6b4e0000 	C:\Windows\System32\IMM32.DLL
0x00007ffe4eae0000 - 0x00007ffe4eaec000 	C:\Program Files\Java\jdk-17.0.7\bin\vcruntime140_1.dll
0x00007ffe4ea50000 - 0x00007ffe4eade000 	C:\Program Files\Java\jdk-17.0.7\bin\msvcp140.dll
0x00007ffe4de70000 - 0x00007ffe4ea4d000 	C:\Program Files\Java\jdk-17.0.7\bin\server\jvm.dll
0x00007ffe69b70000 - 0x00007ffe69b78000 	C:\Windows\System32\PSAPI.DLL
0x00007ffe51dd0000 - 0x00007ffe51dd9000 	C:\Windows\SYSTEM32\WSOCK32.dll
0x00007ffe6b3e0000 - 0x00007ffe6b44b000 	C:\Windows\System32\WS2_32.dll
0x00007ffe5b570000 - 0x00007ffe5b597000 	C:\Windows\SYSTEM32\WINMM.dll
0x00007ffe66fe0000 - 0x00007ffe66ff2000 	C:\Windows\SYSTEM32\kernel.appcore.dll
0x00007ffe4dd70000 - 0x00007ffe4dd7a000 	C:\Program Files\Java\jdk-17.0.7\bin\jimage.dll
0x00007ffe55f40000 - 0x00007ffe56124000 	C:\Windows\SYSTEM32\DBGHELP.DLL
0x00007ffe55f00000 - 0x00007ffe55f34000 	C:\Windows\SYSTEM32\dbgcore.DLL
0x00007ffe69a40000 - 0x00007ffe69ac2000 	C:\Windows\System32\bcryptPrimitives.dll
0x00007ffe64f50000 - 0x00007ffe64f5e000 	C:\Program Files\Java\jdk-17.0.7\bin\instrument.dll
0x00007ffe4dc90000 - 0x00007ffe4dcb5000 	C:\Program Files\Java\jdk-17.0.7\bin\java.dll

dbghelp: loaded successfully - version: 4.0.5 - missing functions: none
symbol engine: initialized successfully - sym options: 0x614 - pdb path: .;C:\Program Files\Java\jdk-17.0.7\bin;C:\Windows\SYSTEM32;C:\Windows\WinSxS\amd64_microsoft.windows.common-controls_6595b64144ccf1df_6.0.19041.1110_none_60b5254171f9507e;C:\Program Files\Java\jdk-17.0.7\bin\server

VM Arguments:
jvm_args: -ea -Didea.test.cyclic.buffer.size=1048576 -javaagent:C:\Program Files\JetBrains\IntelliJ IDEA Community Edition 2023.1.4\lib\idea_rt.jar=62069:C:\Program Files\JetBrains\IntelliJ IDEA Community Edition 2023.1.4\bin -Dfile.encoding=UTF-8 
java_command: com.intellij.rt.testng.RemoteTestNGStarter -usedefaultlisteners false -socket62068 @w@C:\Users\pc\AppData\Local\Temp\idea_working_dirs_testng.tmp -temp C:\Users\pc\AppData\Local\Temp\idea_testng.tmp
java_class_path (initial): C:\Program Files\JetBrains\IntelliJ IDEA Community Edition 2023.1.4\lib\idea_rt.jar;C:\Program Files\JetBrains\IntelliJ IDEA Community Edition 2023.1.4\plugins\testng\lib\testng-rt.jar;C:\Users\pc\Downloads\TestNG__\target\test-classes;C:\Users\pc\Downloads\TestNG__\target\classes;C:\Users\pc\.m2\repository\org\seleniumhq\selenium\selenium-java\4.9.0\selenium-java-4.9.0.jar;C:\Users\pc\.m2\repository\org\seleniumhq\selenium\selenium-api\4.9.0\selenium-api-4.9.0.jar;C:\Users\pc\.m2\repository\org\seleniumhq\selenium\selenium-chrome-driver\4.9.0\selenium-chrome-driver-4.9.0.jar;C:\Users\pc\.m2\repository\com\google\auto\service\auto-service-annotations\1.0.1\auto-service-annotations-1.0.1.jar;C:\Users\pc\.m2\repository\com\google\auto\service\auto-service\1.0.1\auto-service-1.0.1.jar;C:\Users\pc\.m2\repository\com\google\auto\auto-common\1.2\auto-common-1.2.jar;C:\Users\pc\.m2\repository\com\google\guava\guava\31.1-jre\guava-31.1-jre.jar;C:\Users\pc\.m2\repository\com\google\guava\failureaccess\1.0.1\failureaccess-1.0.1.jar;C:\Users\pc\.m2\repository\com\google\guava\listenablefuture\9999.0-empty-to-avoid-conflict-with-guava\listenablefuture-9999.0-empty-to-avoid-conflict-with-guava.jar;C:\Users\pc\.m2\repository\com\google\code\findbugs\jsr305\3.0.2\jsr305-3.0.2.jar;C:\Users\pc\.m2\repository\org\checkerframework\checker-qual\3.12.0\checker-qual-3.12.0.jar;C:\Users\pc\.m2\repository\com\google\errorprone\error_prone_annotations\2.11.0\error_prone_annotations-2.11.0.jar;C:\Users\pc\.m2\repository\com\google\j2objc\j2objc-annotations\1.3\j2objc-annotations-1.3.jar;C:\Users\pc\.m2\repository\org\seleniumhq\selenium\selenium-chromium-driver\4.9.0\selenium-chromium-driver-4.9.0.jar;C:\Users\pc\.m2\repository\org\seleniumhq\selenium\selenium-json\4.9.0\selenium-json-4.9.0.jar;C:\Users\pc\.m2\repository\org\seleniumhq\selenium\selenium-manager\4.9.0\selenium-manager-4.9.0.jar;C:\Users\pc\.m2\repository\org\seleniumhq\selenium\selenium-devtools-v
Launcher Type: SUN_STANDARD

[Global flags]
     intx CICompilerCount                          = 3                                         {product} {ergonomic}
     uint ConcGCThreads                            = 1                                         {product} {ergonomic}
     uint G1ConcRefinementThreads                  = 4                                         {product} {ergonomic}
   size_t G1HeapRegionSize                         = 1048576                                   {product} {ergonomic}
    uintx GCDrainStackTargetSize                   = 64                                        {product} {ergonomic}
   size_t InitialHeapSize                          = 134217728                                 {product} {ergonomic}
   size_t MarkStackSize                            = 4194304                                   {product} {ergonomic}
   size_t MaxHeapSize                              = 2116026368                                {product} {ergonomic}
   size_t MinHeapDeltaBytes                        = 1048576                                   {product} {ergonomic}
   size_t MinHeapSize                              = 8388608                                   {product} {ergonomic}
    uintx NonNMethodCodeHeapSize                   = 5832780                                {pd product} {ergonomic}
    uintx NonProfiledCodeHeapSize                  = 122912730                              {pd product} {ergonomic}
    uintx ProfiledCodeHeapSize                     = 122912730                              {pd product} {ergonomic}
    uintx ReservedCodeCacheSize                    = 251658240                              {pd product} {ergonomic}
     bool SegmentedCodeCache                       = true                                      {product} {ergonomic}
   size_t SoftMaxHeapSize                          = 2116026368                             {manageable} {ergonomic}
     bool UseCompressedClassPointers               = true                           {product lp64_product} {ergonomic}
     bool UseCompressedOops                        = true                           {product lp64_product} {ergonomic}
     bool UseG1GC                                  = true                                      {product} {ergonomic}
     bool UseLargePagesIndividualAllocation        = false                                  {pd product} {ergonomic}

Logging:
Log output configuration:
 #0: stdout all=warning uptime,level,tags
 #1: stderr all=off uptime,level,tags

Environment Variables:
JAVA_HOME=C:\Program Files\Java\jdk-17.0.7
PATH=C:\Windows\system32;C:\Windows;C:\Windows\System32\Wbem;C:\Windows\System32\WindowsPowerShell\v1.0\;C:\Windows\System32\OpenSSH\;C:\Program Files\IBM\SPSS\Statistics\25\JRE\bin;C:\Program Files\dotnet\;C:\Program Files\Git\cmd;C:\Program Files\SafeNet\Authentication\SAC\x64;C:\Program Files\SafeNet\Authentication\SAC\x32;C:\Program Files\Java\jdk-17.0.7\bin;C:\Program Files\Java\jdk-17.0.7\bin;C:\Program Files\apache-maven-3.9.3-bin (1)\apache-maven-3.9.3\bin;C:\Program Files\Java\jdk-17.0.7;C:\Users\pc\AppData\Local\Android\Sdk;%ANDROID_HOME%\tools;%ANROID_HOME%\platform-tools;C:\Program Files\nodejs\;C:\Users\pc\AppData\Local\Microsoft\WindowsApps;C:\Program Files\Java\jdk-17.0.7\bin;C:\Program Files\apache-maven-3.9.3-bin (1)\apache-maven-3.9.3\bin;;C:\Program Files\JetBrains\IntelliJ IDEA Community Edition 2023.1.4\bin;;C:\Users\pc\AppData\Local\Programs\Microsoft VS Code\bin;C:\Users\pc\AppData\Roaming\npm
USERNAME=pc
OS=Windows_NT
PROCESSOR_IDENTIFIER=Intel64 Family 6 Model 61 Stepping 4, GenuineIntel



---------------  S Y S T E M  ---------------

OS:
 Windows 10 , 64 bit Build 19041 (10.0.19041.3393)
OS uptime: 0 days 1:50 hours

CPU: total 4 (initial active 4) (2 cores per cpu, 2 threads per core) family 6 model 61 stepping 4 microcode 0x2d, cx8, cmov, fxsr, ht, mmx, 3dnowpref, sse, sse2, sse3, ssse3, sse4.1, sse4.2, popcnt, lzcnt, tsc, tscinvbit, avx, avx2, aes, erms, clmul, bmi1, bmi2, rtm, adx, fma, vzeroupper, clflush

Memory: 4k page, system-wide physical 8067M (414M free)
TotalPageFile size 8067M (AvailPageFile size 79M)
current process WorkingSet (physical memory assigned to process): 10M, peak: 10M
current process commit charge ("private bytes"): 51M, peak: 179M

vm_info: Java HotSpot(TM) 64-Bit Server VM (17.0.7+8-LTS-224) for windows-amd64 JRE (17.0.7+8-LTS-224), built on Feb 28 2023 23:03:02 by "mach5one" with MS VC++ 17.1 (VS2022)

END.
